\BOOKMARK [0][-]{chapter.1}{Das urspr\374ngliche Programm von Koenecke}{}% 1
\BOOKMARK [1][-]{section.1.1}{Problemstellung und Netzwerktopologie}{chapter.1}% 2
\BOOKMARK [1][-]{section.1.2}{Technologie}{chapter.1}% 3
\BOOKMARK [1][-]{section.1.3}{Festgelegte Parameter}{chapter.1}% 4
\BOOKMARK [1][-]{section.1.4}{Aufbau der GUI}{chapter.1}% 5
\BOOKMARK [2][-]{subsection.1.4.1}{Netzwerktopologie}{section.1.4}% 6
\BOOKMARK [2][-]{subsection.1.4.2}{Training}{section.1.4}% 7
\BOOKMARK [2][-]{subsection.1.4.3}{Pr\344sentation der Netzwerkergebnisse}{section.1.4}% 8
\BOOKMARK [0][-]{chapter.2}{Eigene Implementierungen}{}% 9
\BOOKMARK [1][-]{section.2.1}{Implementierung des KNN in Javascript}{chapter.2}% 10
\BOOKMARK [2][-]{subsection.2.1.1}{Wahl der passenden Javascript Bibliothek f\374r das KNN}{section.2.1}% 11
\BOOKMARK [2][-]{subsection.2.1.2}{Performancevorteile durch Nutzung von Web Workern}{section.2.1}% 12
\BOOKMARK [2][-]{subsection.2.1.3}{Trainieren eines MLP mit Synaptic}{section.2.1}% 13
\BOOKMARK [2][-]{subsection.2.1.4}{Schnittstelle zwischen der Netzwerkbibliothek und der GUI}{section.2.1}% 14
\BOOKMARK [1][-]{section.2.2}{Erweiterungen an der GUI}{chapter.2}% 15
\BOOKMARK [2][-]{subsection.2.2.1}{Konfiguration der Aktivierungsfunktion und der Lernrate}{section.2.2}% 16
\BOOKMARK [2][-]{subsection.2.2.2}{Erweiterungen beim Training}{section.2.2}% 17
\BOOKMARK [2][-]{subsection.2.2.3}{Aufgaben ausw\344hlen}{section.2.2}% 18
\BOOKMARK [0][-]{chapter.3}{Konfiguration eines KNN passend zur Problemstellung}{}% 19
\BOOKMARK [0][-]{chapter*.20}{Abbildungsverzeichnis}{}% 20
\BOOKMARK [0][-]{chapter*.21}{Tabellenverzeichnis}{}% 21
\BOOKMARK [0][-]{chapter*.22}{Literaturverzeichnis}{}% 22
