\BOOKMARK [0][-]{chapter.1}{Vorbild der KNN und das Prinzip eines k\374nstlichen Neurons}{}% 1
\BOOKMARK [1][-]{section.1.1}{Nat\374rliche neuronale Netze}{chapter.1}% 2
\BOOKMARK [1][-]{section.1.2}{Funktionsweise und Aufbau eines k\374nstlichen Neurons}{chapter.1}% 3
\BOOKMARK [2][-]{subsection.1.2.1}{\334bertragungsfunktion}{section.1.2}% 4
\BOOKMARK [2][-]{subsection.1.2.2}{Aktivierungsfunktion}{section.1.2}% 5
\BOOKMARK [2][-]{subsection.1.2.3}{Ausgangsfunktion}{section.1.2}% 6
\BOOKMARK [0][-]{chapter.2}{Struktur der KNN}{}% 7
\BOOKMARK [1][-]{section.2.1}{Aufbaustruktur}{chapter.2}% 8
\BOOKMARK [1][-]{section.2.2}{Einlagiges Perzeptron}{chapter.2}% 9
\BOOKMARK [2][-]{subsection.2.2.1}{Darstellung der booleschen Funktionen als einfaches Perzeptron}{section.2.2}% 10
\BOOKMARK [2][-]{subsection.2.2.2}{Klassifizierung und lineare Separierbarkeit}{section.2.2}% 11
\BOOKMARK [2][-]{subsection.2.2.3}{Das XOR-Problem}{section.2.2}% 12
\BOOKMARK [1][-]{section.2.3}{Mehrlagiges Perzeptron}{chapter.2}% 13
\BOOKMARK [2][-]{subsection.2.3.1}{Darstellung der XOR-Funktion als MLP}{section.2.3}% 14
\BOOKMARK [2][-]{subsection.2.3.2}{Bias-Neuronen}{section.2.3}% 15
\BOOKMARK [0][-]{chapter.3}{Lernen in KNN}{}% 16
\BOOKMARK [1][-]{section.3.1}{Lernen durch Modifikation der Gewichte}{chapter.3}% 17
\BOOKMARK [1][-]{section.3.2}{Lernarten}{chapter.3}% 18
\BOOKMARK [1][-]{section.3.3}{Lernverfahren}{chapter.3}% 19
\BOOKMARK [1][-]{section.3.4}{Lernregel}{chapter.3}% 20
\BOOKMARK [2][-]{subsection.3.4.1}{Hebbsche Lernregel}{section.3.4}% 21
\BOOKMARK [2][-]{subsection.3.4.2}{Delta-Regel}{section.3.4}% 22
\BOOKMARK [2][-]{subsection.3.4.3}{Backpropagation-Regel}{section.3.4}% 23
\BOOKMARK [1][-]{section.3.5}{Auswahl der Aktivierungsfunktion}{chapter.3}% 24
\BOOKMARK [0][-]{chapter*.19}{Abbildungsverzeichnis}{}% 25
\BOOKMARK [0][-]{chapter*.20}{Tabellenverzeichnis}{}% 26
\BOOKMARK [0][-]{chapter*.21}{Literaturverzeichnis}{}% 27
