\BOOKMARK [0][-]{chapter.1}{Einleitung}{}% 1
\BOOKMARK [1][-]{section.1.1}{Motivation}{chapter.1}% 2
\BOOKMARK [1][-]{section.1.2}{Begriffsdefinition}{chapter.1}% 3
\BOOKMARK [1][-]{section.1.3}{Zielsetzung}{chapter.1}% 4
\BOOKMARK [1][-]{section.1.4}{Anmerkungen im Bezug auf Koeneckes Arbeit}{chapter.1}% 5
\BOOKMARK [1][-]{section.1.5}{Struktur dieser Arbeit}{chapter.1}% 6
\BOOKMARK [0][-]{chapter.2}{Grundlagen}{}% 7
\BOOKMARK [1][-]{section.2.1}{K\374nstliche Intelligenz}{chapter.2}% 8
\BOOKMARK [2][-]{subsection.2.1.1}{Begriffserkl\344rung}{section.2.1}% 9
\BOOKMARK [2][-]{subsection.2.1.2}{Turing Test}{section.2.1}% 10
\BOOKMARK [2][-]{subsection.2.1.3}{Starke und schwache KI}{section.2.1}% 11
\BOOKMARK [1][-]{section.2.2}{Maschinelles Lernen}{chapter.2}% 12
\BOOKMARK [2][-]{subsection.2.2.1}{Begriffserkl\344rung}{section.2.2}% 13
\BOOKMARK [2][-]{subsection.2.2.2}{Prinzip und Verfahren}{section.2.2}% 14
\BOOKMARK [1][-]{section.2.3}{Einordnung der KNN}{chapter.2}% 15
\BOOKMARK [1][-]{section.2.4}{Bereiche der KNN}{chapter.2}% 16
\BOOKMARK [0][-]{chapter.3}{Vorbild der KNN und das Prinzip eines k\374nstlichen Neurons}{}% 17
\BOOKMARK [1][-]{section.3.1}{Nat\374rliche neuronale Netze}{chapter.3}% 18
\BOOKMARK [1][-]{section.3.2}{Funktionsweise und Aufbau eines k\374nstlichen Neurons}{chapter.3}% 19
\BOOKMARK [2][-]{subsection.3.2.1}{\334bertragungsfunktion}{section.3.2}% 20
\BOOKMARK [2][-]{subsection.3.2.2}{Aktivierungsfunktion}{section.3.2}% 21
\BOOKMARK [2][-]{subsection.3.2.3}{Ausgangsfunktion}{section.3.2}% 22
\BOOKMARK [0][-]{chapter.4}{Struktur der KNN}{}% 23
\BOOKMARK [1][-]{section.4.1}{Aufbaustruktur}{chapter.4}% 24
\BOOKMARK [1][-]{section.4.2}{Einlagiges Perzeptron}{chapter.4}% 25
\BOOKMARK [2][-]{subsection.4.2.1}{Darstellung der booleschen Funktionen als einfaches Perzeptron}{section.4.2}% 26
\BOOKMARK [2][-]{subsection.4.2.2}{Klassifizierung und lineare Separierbarkeit}{section.4.2}% 27
\BOOKMARK [2][-]{subsection.4.2.3}{Das XOR-Problem}{section.4.2}% 28
\BOOKMARK [1][-]{section.4.3}{Mehrlagiges Perzeptron}{chapter.4}% 29
\BOOKMARK [2][-]{subsection.4.3.1}{Darstellung der XOR-Funktion als MLP}{section.4.3}% 30
\BOOKMARK [2][-]{subsection.4.3.2}{Bias-Neuronen}{section.4.3}% 31
\BOOKMARK [0][-]{chapter.5}{Lernen in KNN}{}% 32
\BOOKMARK [1][-]{section.5.1}{Lernen durch Modifikation der Gewichte}{chapter.5}% 33
\BOOKMARK [1][-]{section.5.2}{Lernarten}{chapter.5}% 34
\BOOKMARK [1][-]{section.5.3}{Lernverfahren}{chapter.5}% 35
\BOOKMARK [1][-]{section.5.4}{Lernregel}{chapter.5}% 36
\BOOKMARK [2][-]{subsection.5.4.1}{Hebbsche Lernregel}{section.5.4}% 37
\BOOKMARK [2][-]{subsection.5.4.2}{Delta-Regel}{section.5.4}% 38
\BOOKMARK [2][-]{subsection.5.4.3}{Backpropagation-Regel}{section.5.4}% 39
\BOOKMARK [1][-]{section.5.5}{Auswahl der Aktivierungsfunktion}{chapter.5}% 40
\BOOKMARK [0][-]{chapter.6}{Das urspr\374ngliche Programm von Koenecke}{}% 41
\BOOKMARK [1][-]{section.6.1}{Problemstellung und Netzwerktopologie}{chapter.6}% 42
\BOOKMARK [1][-]{section.6.2}{Technologie}{chapter.6}% 43
\BOOKMARK [1][-]{section.6.3}{Festgelegte Parameter}{chapter.6}% 44
\BOOKMARK [1][-]{section.6.4}{Aufbau der GUI}{chapter.6}% 45
\BOOKMARK [2][-]{subsection.6.4.1}{Netzwerktopologie}{section.6.4}% 46
\BOOKMARK [2][-]{subsection.6.4.2}{Training}{section.6.4}% 47
\BOOKMARK [2][-]{subsection.6.4.3}{Pr\344sentation der Netzwerkergebnisse}{section.6.4}% 48
\BOOKMARK [0][-]{chapter.7}{Eigene Implementierungen}{}% 49
\BOOKMARK [1][-]{section.7.1}{Implementierung des KNN in Javascript}{chapter.7}% 50
\BOOKMARK [2][-]{subsection.7.1.1}{Wahl der passenden Javascript Bibliothek f\374r das KNN}{section.7.1}% 51
\BOOKMARK [2][-]{subsection.7.1.2}{Performancevorteile durch Nutzung von Web Workern}{section.7.1}% 52
\BOOKMARK [2][-]{subsection.7.1.3}{Trainieren eines MLP mit Synaptic}{section.7.1}% 53
\BOOKMARK [2][-]{subsection.7.1.4}{Schnittstelle zwischen der Netzwerkbibliothek und der GUI}{section.7.1}% 54
\BOOKMARK [1][-]{section.7.2}{Erweiterungen an der GUI}{chapter.7}% 55
\BOOKMARK [2][-]{subsection.7.2.1}{Konfiguration der Aktivierungsfunktion und der Lernrate}{section.7.2}% 56
\BOOKMARK [2][-]{subsection.7.2.2}{Erweiterungen f\374r die Erzeugung von Trainingsdaten}{section.7.2}% 57
\BOOKMARK [2][-]{subsection.7.2.3}{Weitere Erweiterungen beim Trainingselement}{section.7.2}% 58
\BOOKMARK [0][-]{chapter.8}{Konfiguration eines KNN passend zur Problemstellung}{}% 59
\BOOKMARK [0][-]{chapter*.42}{Abbildungsverzeichnis}{}% 60
\BOOKMARK [0][-]{chapter*.43}{Tabellenverzeichnis}{}% 61
\BOOKMARK [0][-]{chapter*.44}{Literaturverzeichnis}{}% 62
